CRITICAL - 2023-09-30 02:13:45 --> Call to undefined function set_value()
in APPPATH\Views\register.php on line 21.
 1 SYSTEMPATH\View\View.php(226): include()
 2 SYSTEMPATH\View\View.php(229): CodeIgniter\View\View->CodeIgniter\View\{closure}()
 3 SYSTEMPATH\Common.php(1188): CodeIgniter\View\View->render('register', [], true)
 4 APPPATH\Controllers\UserController.php(11): view('register')
 5 SYSTEMPATH\CodeIgniter.php(919): App\Controllers\UserController->index()
 6 SYSTEMPATH\CodeIgniter.php(494): CodeIgniter\CodeIgniter->runController(Object(App\Controllers\UserController))
 7 SYSTEMPATH\CodeIgniter.php(353): CodeIgniter\CodeIgniter->handleRequest(null, Object(Config\Cache), false)
 8 FCPATH\index.php(79): CodeIgniter\CodeIgniter->run()
 9 SYSTEMPATH\Commands\Server\rewrite.php(47): require_once('C:\\laragon\\www\\Lab3\\public\\index.php')
CRITICAL - 2023-09-30 03:08:31 --> Class "App\Controllers\UserModel" not found
in APPPATH\Controllers\UserController.php on line 39.
 1 SYSTEMPATH\CodeIgniter.php(919): App\Controllers\UserController->LoginAuth()
 2 SYSTEMPATH\CodeIgniter.php(494): CodeIgniter\CodeIgniter->runController(Object(App\Controllers\UserController))
 3 SYSTEMPATH\CodeIgniter.php(353): CodeIgniter\CodeIgniter->handleRequest(null, Object(Config\Cache), false)
 4 FCPATH\index.php(79): CodeIgniter\CodeIgniter->run()
 5 SYSTEMPATH\Commands\Server\rewrite.php(47): require_once('C:\\laragon\\www\\Lab3\\public\\index.php')
CRITICAL - 2023-09-30 03:09:43 --> Class "App\Controllers\UserModel" not found
in APPPATH\Controllers\UserController.php on line 39.
 1 SYSTEMPATH\CodeIgniter.php(919): App\Controllers\UserController->LoginAuth()
 2 SYSTEMPATH\CodeIgniter.php(494): CodeIgniter\CodeIgniter->runController(Object(App\Controllers\UserController))
 3 SYSTEMPATH\CodeIgniter.php(353): CodeIgniter\CodeIgniter->handleRequest(null, Object(Config\Cache), false)
 4 FCPATH\index.php(79): CodeIgniter\CodeIgniter->run()
 5 SYSTEMPATH\Commands\Server\rewrite.php(47): require_once('C:\\laragon\\www\\Lab3\\public\\index.php')
CRITICAL - 2023-09-30 03:09:44 --> Class "App\Controllers\UserModel" not found
in APPPATH\Controllers\UserController.php on line 39.
 1 SYSTEMPATH\CodeIgniter.php(919): App\Controllers\UserController->LoginAuth()
 2 SYSTEMPATH\CodeIgniter.php(494): CodeIgniter\CodeIgniter->runController(Object(App\Controllers\UserController))
 3 SYSTEMPATH\CodeIgniter.php(353): CodeIgniter\CodeIgniter->handleRequest(null, Object(Config\Cache), false)
 4 FCPATH\index.php(79): CodeIgniter\CodeIgniter->run()
 5 SYSTEMPATH\Commands\Server\rewrite.php(47): require_once('C:\\laragon\\www\\Lab3\\public\\index.php')
CRITICAL - 2023-09-30 03:09:45 --> Class "App\Controllers\UserModel" not found
in APPPATH\Controllers\UserController.php on line 39.
 1 SYSTEMPATH\CodeIgniter.php(919): App\Controllers\UserController->LoginAuth()
 2 SYSTEMPATH\CodeIgniter.php(494): CodeIgniter\CodeIgniter->runController(Object(App\Controllers\UserController))
 3 SYSTEMPATH\CodeIgniter.php(353): CodeIgniter\CodeIgniter->handleRequest(null, Object(Config\Cache), false)
 4 FCPATH\index.php(79): CodeIgniter\CodeIgniter->run()
 5 SYSTEMPATH\Commands\Server\rewrite.php(47): require_once('C:\\laragon\\www\\Lab3\\public\\index.php')
CRITICAL - 2023-09-30 03:09:45 --> Class "App\Controllers\UserModel" not found
in APPPATH\Controllers\UserController.php on line 39.
 1 SYSTEMPATH\CodeIgniter.php(919): App\Controllers\UserController->LoginAuth()
 2 SYSTEMPATH\CodeIgniter.php(494): CodeIgniter\CodeIgniter->runController(Object(App\Controllers\UserController))
 3 SYSTEMPATH\CodeIgniter.php(353): CodeIgniter\CodeIgniter->handleRequest(null, Object(Config\Cache), false)
 4 FCPATH\index.php(79): CodeIgniter\CodeIgniter->run()
 5 SYSTEMPATH\Commands\Server\rewrite.php(47): require_once('C:\\laragon\\www\\Lab3\\public\\index.php')
CRITICAL - 2023-09-30 03:10:28 --> Class "App\Controllers\UserModel" not found
in APPPATH\Controllers\UserController.php on line 39.
 1 SYSTEMPATH\CodeIgniter.php(919): App\Controllers\UserController->LoginAuth()
 2 SYSTEMPATH\CodeIgniter.php(494): CodeIgniter\CodeIgniter->runController(Object(App\Controllers\UserController))
 3 SYSTEMPATH\CodeIgniter.php(353): CodeIgniter\CodeIgniter->handleRequest(null, Object(Config\Cache), false)
 4 FCPATH\index.php(79): CodeIgniter\CodeIgniter->run()
 5 SYSTEMPATH\Commands\Server\rewrite.php(47): require_once('C:\\laragon\\www\\Lab3\\public\\index.php')
CRITICAL - 2023-09-30 03:10:30 --> Class "App\Controllers\UserModel" not found
in APPPATH\Controllers\UserController.php on line 39.
 1 SYSTEMPATH\CodeIgniter.php(919): App\Controllers\UserController->LoginAuth()
 2 SYSTEMPATH\CodeIgniter.php(494): CodeIgniter\CodeIgniter->runController(Object(App\Controllers\UserController))
 3 SYSTEMPATH\CodeIgniter.php(353): CodeIgniter\CodeIgniter->handleRequest(null, Object(Config\Cache), false)
 4 FCPATH\index.php(79): CodeIgniter\CodeIgniter->run()
 5 SYSTEMPATH\Commands\Server\rewrite.php(47): require_once('C:\\laragon\\www\\Lab3\\public\\index.php')
CRITICAL - 2023-09-30 03:10:42 --> Class "App\Controllers\UserModel" not found
in APPPATH\Controllers\UserController.php on line 39.
 1 SYSTEMPATH\CodeIgniter.php(919): App\Controllers\UserController->LoginAuth()
 2 SYSTEMPATH\CodeIgniter.php(494): CodeIgniter\CodeIgniter->runController(Object(App\Controllers\UserController))
 3 SYSTEMPATH\CodeIgniter.php(353): CodeIgniter\CodeIgniter->handleRequest(null, Object(Config\Cache), false)
 4 FCPATH\index.php(79): CodeIgniter\CodeIgniter->run()
 5 SYSTEMPATH\Commands\Server\rewrite.php(47): require_once('C:\\laragon\\www\\Lab3\\public\\index.php')
CRITICAL - 2023-09-30 03:11:46 --> Class "App\Controllers\UserModel" not found
in APPPATH\Controllers\UserController.php on line 39.
 1 SYSTEMPATH\CodeIgniter.php(919): App\Controllers\UserController->LoginAuth()
 2 SYSTEMPATH\CodeIgniter.php(494): CodeIgniter\CodeIgniter->runController(Object(App\Controllers\UserController))
 3 SYSTEMPATH\CodeIgniter.php(353): CodeIgniter\CodeIgniter->handleRequest(null, Object(Config\Cache), false)
 4 FCPATH\index.php(79): CodeIgniter\CodeIgniter->run()
 5 SYSTEMPATH\Commands\Server\rewrite.php(47): require_once('C:\\laragon\\www\\Lab3\\public\\index.php')
CRITICAL - 2023-09-30 03:11:47 --> Class "App\Controllers\UserModel" not found
in APPPATH\Controllers\UserController.php on line 39.
 1 SYSTEMPATH\CodeIgniter.php(919): App\Controllers\UserController->LoginAuth()
 2 SYSTEMPATH\CodeIgniter.php(494): CodeIgniter\CodeIgniter->runController(Object(App\Controllers\UserController))
 3 SYSTEMPATH\CodeIgniter.php(353): CodeIgniter\CodeIgniter->handleRequest(null, Object(Config\Cache), false)
 4 FCPATH\index.php(79): CodeIgniter\CodeIgniter->run()
 5 SYSTEMPATH\Commands\Server\rewrite.php(47): require_once('C:\\laragon\\www\\Lab3\\public\\index.php')
CRITICAL - 2023-09-30 03:11:47 --> Class "App\Controllers\UserModel" not found
in APPPATH\Controllers\UserController.php on line 39.
 1 SYSTEMPATH\CodeIgniter.php(919): App\Controllers\UserController->LoginAuth()
 2 SYSTEMPATH\CodeIgniter.php(494): CodeIgniter\CodeIgniter->runController(Object(App\Controllers\UserController))
 3 SYSTEMPATH\CodeIgniter.php(353): CodeIgniter\CodeIgniter->handleRequest(null, Object(Config\Cache), false)
 4 FCPATH\index.php(79): CodeIgniter\CodeIgniter->run()
 5 SYSTEMPATH\Commands\Server\rewrite.php(47): require_once('C:\\laragon\\www\\Lab3\\public\\index.php')
CRITICAL - 2023-09-30 03:11:47 --> Class "App\Controllers\UserModel" not found
in APPPATH\Controllers\UserController.php on line 39.
 1 SYSTEMPATH\CodeIgniter.php(919): App\Controllers\UserController->LoginAuth()
 2 SYSTEMPATH\CodeIgniter.php(494): CodeIgniter\CodeIgniter->runController(Object(App\Controllers\UserController))
 3 SYSTEMPATH\CodeIgniter.php(353): CodeIgniter\CodeIgniter->handleRequest(null, Object(Config\Cache), false)
 4 FCPATH\index.php(79): CodeIgniter\CodeIgniter->run()
 5 SYSTEMPATH\Commands\Server\rewrite.php(47): require_once('C:\\laragon\\www\\Lab3\\public\\index.php')
CRITICAL - 2023-09-30 03:11:47 --> Class "App\Controllers\UserModel" not found
in APPPATH\Controllers\UserController.php on line 39.
 1 SYSTEMPATH\CodeIgniter.php(919): App\Controllers\UserController->LoginAuth()
 2 SYSTEMPATH\CodeIgniter.php(494): CodeIgniter\CodeIgniter->runController(Object(App\Controllers\UserController))
 3 SYSTEMPATH\CodeIgniter.php(353): CodeIgniter\CodeIgniter->handleRequest(null, Object(Config\Cache), false)
 4 FCPATH\index.php(79): CodeIgniter\CodeIgniter->run()
 5 SYSTEMPATH\Commands\Server\rewrite.php(47): require_once('C:\\laragon\\www\\Lab3\\public\\index.php')
CRITICAL - 2023-09-30 03:11:47 --> Class "App\Controllers\UserModel" not found
in APPPATH\Controllers\UserController.php on line 39.
 1 SYSTEMPATH\CodeIgniter.php(919): App\Controllers\UserController->LoginAuth()
 2 SYSTEMPATH\CodeIgniter.php(494): CodeIgniter\CodeIgniter->runController(Object(App\Controllers\UserController))
 3 SYSTEMPATH\CodeIgniter.php(353): CodeIgniter\CodeIgniter->handleRequest(null, Object(Config\Cache), false)
 4 FCPATH\index.php(79): CodeIgniter\CodeIgniter->run()
 5 SYSTEMPATH\Commands\Server\rewrite.php(47): require_once('C:\\laragon\\www\\Lab3\\public\\index.php')
CRITICAL - 2023-09-30 03:11:48 --> Class "App\Controllers\UserModel" not found
in APPPATH\Controllers\UserController.php on line 39.
 1 SYSTEMPATH\CodeIgniter.php(919): App\Controllers\UserController->LoginAuth()
 2 SYSTEMPATH\CodeIgniter.php(494): CodeIgniter\CodeIgniter->runController(Object(App\Controllers\UserController))
 3 SYSTEMPATH\CodeIgniter.php(353): CodeIgniter\CodeIgniter->handleRequest(null, Object(Config\Cache), false)
 4 FCPATH\index.php(79): CodeIgniter\CodeIgniter->run()
 5 SYSTEMPATH\Commands\Server\rewrite.php(47): require_once('C:\\laragon\\www\\Lab3\\public\\index.php')
CRITICAL - 2023-09-30 03:12:18 --> Class "App\Model\UserModel" not found
in APPPATH\Controllers\UserController.php on line 39.
 1 SYSTEMPATH\CodeIgniter.php(919): App\Controllers\UserController->LoginAuth()
 2 SYSTEMPATH\CodeIgniter.php(494): CodeIgniter\CodeIgniter->runController(Object(App\Controllers\UserController))
 3 SYSTEMPATH\CodeIgniter.php(353): CodeIgniter\CodeIgniter->handleRequest(null, Object(Config\Cache), false)
 4 FCPATH\index.php(79): CodeIgniter\CodeIgniter->run()
 5 SYSTEMPATH\Commands\Server\rewrite.php(47): require_once('C:\\laragon\\www\\Lab3\\public\\index.php')
CRITICAL - 2023-09-30 03:12:52 --> Undefined constant "App\Controllers\username"
in APPPATH\Controllers\UserController.php on line 40.
 1 SYSTEMPATH\CodeIgniter.php(919): App\Controllers\UserController->LoginAuth()
 2 SYSTEMPATH\CodeIgniter.php(494): CodeIgniter\CodeIgniter->runController(Object(App\Controllers\UserController))
 3 SYSTEMPATH\CodeIgniter.php(353): CodeIgniter\CodeIgniter->handleRequest(null, Object(Config\Cache), false)
 4 FCPATH\index.php(79): CodeIgniter\CodeIgniter->run()
 5 SYSTEMPATH\Commands\Server\rewrite.php(47): require_once('C:\\laragon\\www\\Lab3\\public\\index.php')
CRITICAL - 2023-09-30 03:13:53 --> Undefined constant "App\Controllers\username"
in APPPATH\Controllers\UserController.php on line 43.
 1 SYSTEMPATH\CodeIgniter.php(919): App\Controllers\UserController->LoginAuth()
 2 SYSTEMPATH\CodeIgniter.php(494): CodeIgniter\CodeIgniter->runController(Object(App\Controllers\UserController))
 3 SYSTEMPATH\CodeIgniter.php(353): CodeIgniter\CodeIgniter->handleRequest(null, Object(Config\Cache), false)
 4 FCPATH\index.php(79): CodeIgniter\CodeIgniter->run()
 5 SYSTEMPATH\Commands\Server\rewrite.php(47): require_once('C:\\laragon\\www\\Lab3\\public\\index.php')
CRITICAL - 2023-09-30 03:16:56 --> Call to undefined method CodeIgniter\Validation\Validation::listErors()
in APPPATH\Views\signup.php on line 16.
 1 SYSTEMPATH\View\View.php(226): include()
 2 SYSTEMPATH\View\View.php(229): CodeIgniter\View\View->CodeIgniter\View\{closure}()
 3 SYSTEMPATH\Common.php(1188): CodeIgniter\View\View->render('signup', [], true)
 4 APPPATH\Controllers\UserController.php(32): view('signup', [...])
 5 SYSTEMPATH\CodeIgniter.php(919): App\Controllers\UserController->register()
 6 SYSTEMPATH\CodeIgniter.php(494): CodeIgniter\CodeIgniter->runController(Object(App\Controllers\UserController))
 7 SYSTEMPATH\CodeIgniter.php(353): CodeIgniter\CodeIgniter->handleRequest(null, Object(Config\Cache), false)
 8 FCPATH\index.php(79): CodeIgniter\CodeIgniter->run()
 9 SYSTEMPATH\Commands\Server\rewrite.php(47): require_once('C:\\laragon\\www\\Lab3\\public\\index.php')
CRITICAL - 2023-09-30 03:17:27 --> Call to undefined method CodeIgniter\Validation\Validation::listErors()
in APPPATH\Views\signup.php on line 16.
 1 SYSTEMPATH\View\View.php(226): include()
 2 SYSTEMPATH\View\View.php(229): CodeIgniter\View\View->CodeIgniter\View\{closure}()
 3 SYSTEMPATH\Common.php(1188): CodeIgniter\View\View->render('signup', [], true)
 4 APPPATH\Controllers\UserController.php(32): view('signup', [...])
 5 SYSTEMPATH\CodeIgniter.php(919): App\Controllers\UserController->register()
 6 SYSTEMPATH\CodeIgniter.php(494): CodeIgniter\CodeIgniter->runController(Object(App\Controllers\UserController))
 7 SYSTEMPATH\CodeIgniter.php(353): CodeIgniter\CodeIgniter->handleRequest(null, Object(Config\Cache), false)
 8 FCPATH\index.php(79): CodeIgniter\CodeIgniter->run()
 9 SYSTEMPATH\Commands\Server\rewrite.php(47): require_once('C:\\laragon\\www\\Lab3\\public\\index.php')
CRITICAL - 2023-09-30 11:01:33 --> Too few arguments to function App\Controllers\ProductController::view(), 0 passed in C:\laragon\www\Lab3\system\CodeIgniter.php on line 919 and exactly 1 expected
in APPPATH\Controllers\ProductController.php on line 22.
 1 SYSTEMPATH\CodeIgniter.php(919): App\Controllers\ProductController->view()
 2 SYSTEMPATH\CodeIgniter.php(494): CodeIgniter\CodeIgniter->runController(Object(App\Controllers\ProductController))
 3 SYSTEMPATH\CodeIgniter.php(353): CodeIgniter\CodeIgniter->handleRequest(null, Object(Config\Cache), false)
 4 FCPATH\index.php(79): CodeIgniter\CodeIgniter->run()
 5 SYSTEMPATH\Commands\Server\rewrite.php(47): require_once('C:\\laragon\\www\\Lab3\\public\\index.php')
CRITICAL - 2023-09-30 11:05:44 --> Too few arguments to function App\Controllers\ProductController::view(), 0 passed in C:\laragon\www\Lab3\system\CodeIgniter.php on line 919 and exactly 1 expected
in APPPATH\Controllers\ProductController.php on line 22.
 1 SYSTEMPATH\CodeIgniter.php(919): App\Controllers\ProductController->view()
 2 SYSTEMPATH\CodeIgniter.php(494): CodeIgniter\CodeIgniter->runController(Object(App\Controllers\ProductController))
 3 SYSTEMPATH\CodeIgniter.php(353): CodeIgniter\CodeIgniter->handleRequest(null, Object(Config\Cache), false)
 4 FCPATH\index.php(79): CodeIgniter\CodeIgniter->run()
 5 SYSTEMPATH\Commands\Server\rewrite.php(47): require_once('C:\\laragon\\www\\Lab3\\public\\index.php')
CRITICAL - 2023-09-30 11:05:45 --> Too few arguments to function App\Controllers\ProductController::view(), 0 passed in C:\laragon\www\Lab3\system\CodeIgniter.php on line 919 and exactly 1 expected
in APPPATH\Controllers\ProductController.php on line 22.
 1 SYSTEMPATH\CodeIgniter.php(919): App\Controllers\ProductController->view()
 2 SYSTEMPATH\CodeIgniter.php(494): CodeIgniter\CodeIgniter->runController(Object(App\Controllers\ProductController))
 3 SYSTEMPATH\CodeIgniter.php(353): CodeIgniter\CodeIgniter->handleRequest(null, Object(Config\Cache), false)
 4 FCPATH\index.php(79): CodeIgniter\CodeIgniter->run()
 5 SYSTEMPATH\Commands\Server\rewrite.php(47): require_once('C:\\laragon\\www\\Lab3\\public\\index.php')
CRITICAL - 2023-09-30 11:05:48 --> Too few arguments to function App\Controllers\ProductController::view(), 0 passed in C:\laragon\www\Lab3\system\CodeIgniter.php on line 919 and exactly 1 expected
in APPPATH\Controllers\ProductController.php on line 22.
 1 SYSTEMPATH\CodeIgniter.php(919): App\Controllers\ProductController->view()
 2 SYSTEMPATH\CodeIgniter.php(494): CodeIgniter\CodeIgniter->runController(Object(App\Controllers\ProductController))
 3 SYSTEMPATH\CodeIgniter.php(353): CodeIgniter\CodeIgniter->handleRequest(null, Object(Config\Cache), false)
 4 FCPATH\index.php(79): CodeIgniter\CodeIgniter->run()
 5 SYSTEMPATH\Commands\Server\rewrite.php(47): require_once('C:\\laragon\\www\\Lab3\\public\\index.php')
CRITICAL - 2023-09-30 11:10:55 --> Too few arguments to function App\Controllers\ProductController::view(), 0 passed in C:\laragon\www\Lab3\system\CodeIgniter.php on line 919 and exactly 1 expected
in APPPATH\Controllers\ProductController.php on line 22.
 1 SYSTEMPATH\CodeIgniter.php(919): App\Controllers\ProductController->view()
 2 SYSTEMPATH\CodeIgniter.php(494): CodeIgniter\CodeIgniter->runController(Object(App\Controllers\ProductController))
 3 SYSTEMPATH\CodeIgniter.php(353): CodeIgniter\CodeIgniter->handleRequest(null, Object(Config\Cache), false)
 4 FCPATH\index.php(79): CodeIgniter\CodeIgniter->run()
 5 SYSTEMPATH\Commands\Server\rewrite.php(47): require_once('C:\\laragon\\www\\Lab3\\public\\index.php')
CRITICAL - 2023-09-30 11:11:09 --> Undefined variable $pr
in APPPATH\Views\include\products.php on line 17.
 1 APPPATH\Views\include\products.php(17): CodeIgniter\Debug\Exceptions->errorHandler(2, 'Undefined variable $pr', 'C:\\laragon\\www\\Lab3\\app\\Views\\include\\products.php', 17)
 2 SYSTEMPATH\View\View.php(226): include('C:\\laragon\\www\\Lab3\\app\\Views\\include\\products.php')
 3 SYSTEMPATH\View\View.php(229): CodeIgniter\View\View->CodeIgniter\View\{closure}()
 4 SYSTEMPATH\View\View.php(467): CodeIgniter\View\View->render('include/products', null, true)
 5 APPPATH\Views\index.php(4): CodeIgniter\View\View->include('include/products')
 6 SYSTEMPATH\View\View.php(226): include('C:\\laragon\\www\\Lab3\\app\\Views\\index.php')
 7 SYSTEMPATH\View\View.php(229): CodeIgniter\View\View->CodeIgniter\View\{closure}()
 8 SYSTEMPATH\Common.php(1188): CodeIgniter\View\View->render('index', [], true)
 9 APPPATH\Controllers\ProductController.php(19): view('index', [...])
10 SYSTEMPATH\CodeIgniter.php(919): App\Controllers\ProductController->index()
11 SYSTEMPATH\CodeIgniter.php(494): CodeIgniter\CodeIgniter->runController(Object(App\Controllers\ProductController))
12 SYSTEMPATH\CodeIgniter.php(353): CodeIgniter\CodeIgniter->handleRequest(null, Object(Config\Cache), false)
13 FCPATH\index.php(79): CodeIgniter\CodeIgniter->run()
14 SYSTEMPATH\Commands\Server\rewrite.php(47): require_once('C:\\laragon\\www\\Lab3\\public\\index.php')
CRITICAL - 2023-09-30 11:15:39 --> Undefined array key "image"
in APPPATH\Views\include\singleprod.php on line 9.
 1 APPPATH\Views\include\singleprod.php(9): CodeIgniter\Debug\Exceptions->errorHandler(2, 'Undefined array key "image"', 'C:\\laragon\\www\\Lab3\\app\\Views\\include\\singleprod.php', 9)
 2 SYSTEMPATH\View\View.php(226): include('C:\\laragon\\www\\Lab3\\app\\Views\\include\\singleprod.php')
 3 SYSTEMPATH\View\View.php(229): CodeIgniter\View\View->CodeIgniter\View\{closure}()
 4 SYSTEMPATH\View\View.php(467): CodeIgniter\View\View->render('include/singleprod', null, true)
 5 APPPATH\Views\viewproduct.php(3): CodeIgniter\View\View->include('include/singleprod')
 6 SYSTEMPATH\View\View.php(226): include('C:\\laragon\\www\\Lab3\\app\\Views\\viewproduct.php')
 7 SYSTEMPATH\View\View.php(229): CodeIgniter\View\View->CodeIgniter\View\{closure}()
 8 SYSTEMPATH\Common.php(1188): CodeIgniter\View\View->render('viewproduct', [], true)
 9 APPPATH\Controllers\ProductController.php(26): view('viewproduct', [...])
10 SYSTEMPATH\CodeIgniter.php(919): App\Controllers\ProductController->view('4')
11 SYSTEMPATH\CodeIgniter.php(494): CodeIgniter\CodeIgniter->runController(Object(App\Controllers\ProductController))
12 SYSTEMPATH\CodeIgniter.php(353): CodeIgniter\CodeIgniter->handleRequest(null, Object(Config\Cache), false)
13 FCPATH\index.php(79): CodeIgniter\CodeIgniter->run()
14 SYSTEMPATH\Commands\Server\rewrite.php(47): require_once('C:\\laragon\\www\\Lab3\\public\\index.php')
CRITICAL - 2023-09-30 11:16:56 --> Undefined variable $products
in APPPATH\Views\include\singleprod.php on line 2.
 1 APPPATH\Views\include\singleprod.php(2): CodeIgniter\Debug\Exceptions->errorHandler(2, 'Undefined variable $products', 'C:\\laragon\\www\\Lab3\\app\\Views\\include\\singleprod.php', 2)
 2 SYSTEMPATH\View\View.php(226): include('C:\\laragon\\www\\Lab3\\app\\Views\\include\\singleprod.php')
 3 SYSTEMPATH\View\View.php(229): CodeIgniter\View\View->CodeIgniter\View\{closure}()
 4 SYSTEMPATH\View\View.php(467): CodeIgniter\View\View->render('include/singleprod', null, true)
 5 APPPATH\Views\viewproduct.php(3): CodeIgniter\View\View->include('include/singleprod')
 6 SYSTEMPATH\View\View.php(226): include('C:\\laragon\\www\\Lab3\\app\\Views\\viewproduct.php')
 7 SYSTEMPATH\View\View.php(229): CodeIgniter\View\View->CodeIgniter\View\{closure}()
 8 SYSTEMPATH\Common.php(1188): CodeIgniter\View\View->render('viewproduct', [], true)
 9 APPPATH\Controllers\ProductController.php(26): view('viewproduct', [...])
10 SYSTEMPATH\CodeIgniter.php(919): App\Controllers\ProductController->view('4')
11 SYSTEMPATH\CodeIgniter.php(494): CodeIgniter\CodeIgniter->runController(Object(App\Controllers\ProductController))
12 SYSTEMPATH\CodeIgniter.php(353): CodeIgniter\CodeIgniter->handleRequest(null, Object(Config\Cache), false)
13 FCPATH\index.php(79): CodeIgniter\CodeIgniter->run()
14 SYSTEMPATH\Commands\Server\rewrite.php(47): require_once('C:\\laragon\\www\\Lab3\\public\\index.php')
CRITICAL - 2023-09-30 11:38:23 --> Invalid file: "index.php"
in SYSTEMPATH\Exceptions\FrameworkException.php on line 39.
 1 SYSTEMPATH\View\View.php(214): CodeIgniter\Exceptions\FrameworkException::forInvalidFile('index.php')
 2 SYSTEMPATH\Common.php(1188): CodeIgniter\View\View->render('index', [], true)
 3 APPPATH\Controllers\ProductController.php(19): view('index', [...])
 4 SYSTEMPATH\CodeIgniter.php(919): App\Controllers\ProductController->index()
 5 SYSTEMPATH\CodeIgniter.php(494): CodeIgniter\CodeIgniter->runController(Object(App\Controllers\ProductController))
 6 SYSTEMPATH\CodeIgniter.php(353): CodeIgniter\CodeIgniter->handleRequest(null, Object(Config\Cache), false)
 7 FCPATH\index.php(79): CodeIgniter\CodeIgniter->run()
 8 SYSTEMPATH\Commands\Server\rewrite.php(47): require_once('C:\\laragon\\www\\Lab3\\public\\index.php')
CRITICAL - 2023-09-30 11:38:30 --> Invalid file: "index.php"
in SYSTEMPATH\Exceptions\FrameworkException.php on line 39.
 1 SYSTEMPATH\View\View.php(214): CodeIgniter\Exceptions\FrameworkException::forInvalidFile('index.php')
 2 SYSTEMPATH\Common.php(1188): CodeIgniter\View\View->render('index', [], true)
 3 APPPATH\Controllers\ProductController.php(19): view('index', [...])
 4 SYSTEMPATH\CodeIgniter.php(919): App\Controllers\ProductController->index()
 5 SYSTEMPATH\CodeIgniter.php(494): CodeIgniter\CodeIgniter->runController(Object(App\Controllers\ProductController))
 6 SYSTEMPATH\CodeIgniter.php(353): CodeIgniter\CodeIgniter->handleRequest(null, Object(Config\Cache), false)
 7 FCPATH\index.php(79): CodeIgniter\CodeIgniter->run()
 8 SYSTEMPATH\Commands\Server\rewrite.php(47): require_once('C:\\laragon\\www\\Lab3\\public\\index.php')
CRITICAL - 2023-09-30 11:38:42 --> Invalid file: "index.php"
in SYSTEMPATH\Exceptions\FrameworkException.php on line 39.
 1 SYSTEMPATH\View\View.php(214): CodeIgniter\Exceptions\FrameworkException::forInvalidFile('index.php')
 2 SYSTEMPATH\Common.php(1188): CodeIgniter\View\View->render('index', [], true)
 3 APPPATH\Controllers\ProductController.php(19): view('index', [...])
 4 SYSTEMPATH\CodeIgniter.php(919): App\Controllers\ProductController->index()
 5 SYSTEMPATH\CodeIgniter.php(494): CodeIgniter\CodeIgniter->runController(Object(App\Controllers\ProductController))
 6 SYSTEMPATH\CodeIgniter.php(353): CodeIgniter\CodeIgniter->handleRequest(null, Object(Config\Cache), false)
 7 FCPATH\index.php(79): CodeIgniter\CodeIgniter->run()
 8 SYSTEMPATH\Commands\Server\rewrite.php(47): require_once('C:\\laragon\\www\\Lab3\\public\\index.php')
CRITICAL - 2023-09-30 11:38:56 --> Invalid file: "index.php"
in SYSTEMPATH\Exceptions\FrameworkException.php on line 39.
 1 SYSTEMPATH\View\View.php(214): CodeIgniter\Exceptions\FrameworkException::forInvalidFile('index.php')
 2 SYSTEMPATH\Common.php(1188): CodeIgniter\View\View->render('index', [], true)
 3 APPPATH\Controllers\ProductController.php(19): view('index', [...])
 4 SYSTEMPATH\CodeIgniter.php(919): App\Controllers\ProductController->index()
 5 SYSTEMPATH\CodeIgniter.php(494): CodeIgniter\CodeIgniter->runController(Object(App\Controllers\ProductController))
 6 SYSTEMPATH\CodeIgniter.php(353): CodeIgniter\CodeIgniter->handleRequest(null, Object(Config\Cache), false)
 7 FCPATH\index.php(79): CodeIgniter\CodeIgniter->run()
 8 SYSTEMPATH\Commands\Server\rewrite.php(47): require_once('C:\\laragon\\www\\Lab3\\public\\index.php')
CRITICAL - 2023-09-30 11:39:34 --> Invalid file: "index.php"
in SYSTEMPATH\Exceptions\FrameworkException.php on line 39.
 1 SYSTEMPATH\View\View.php(214): CodeIgniter\Exceptions\FrameworkException::forInvalidFile('index.php')
 2 SYSTEMPATH\Common.php(1188): CodeIgniter\View\View->render('index', [], true)
 3 APPPATH\Controllers\ProductController.php(19): view('index', [...])
 4 SYSTEMPATH\CodeIgniter.php(919): App\Controllers\ProductController->index()
 5 SYSTEMPATH\CodeIgniter.php(494): CodeIgniter\CodeIgniter->runController(Object(App\Controllers\ProductController))
 6 SYSTEMPATH\CodeIgniter.php(353): CodeIgniter\CodeIgniter->handleRequest(null, Object(Config\Cache), false)
 7 FCPATH\index.php(79): CodeIgniter\CodeIgniter->run()
 8 SYSTEMPATH\Commands\Server\rewrite.php(47): require_once('C:\\laragon\\www\\Lab3\\public\\index.php')
CRITICAL - 2023-09-30 11:39:53 --> Invalid file: "index.php"
in SYSTEMPATH\Exceptions\FrameworkException.php on line 39.
 1 SYSTEMPATH\View\View.php(214): CodeIgniter\Exceptions\FrameworkException::forInvalidFile('index.php')
 2 SYSTEMPATH\Common.php(1188): CodeIgniter\View\View->render('index', [], true)
 3 APPPATH\Controllers\ProductController.php(19): view('index', [...])
 4 SYSTEMPATH\CodeIgniter.php(919): App\Controllers\ProductController->index()
 5 SYSTEMPATH\CodeIgniter.php(494): CodeIgniter\CodeIgniter->runController(Object(App\Controllers\ProductController))
 6 SYSTEMPATH\CodeIgniter.php(353): CodeIgniter\CodeIgniter->handleRequest(null, Object(Config\Cache), false)
 7 FCPATH\index.php(79): CodeIgniter\CodeIgniter->run()
 8 SYSTEMPATH\Commands\Server\rewrite.php(47): require_once('C:\\laragon\\www\\Lab3\\public\\index.php')
CRITICAL - 2023-09-30 13:02:12 --> Undefined variable $category
in APPPATH\Views\inc\content.php on line 38.
 1 APPPATH\Views\inc\content.php(38): CodeIgniter\Debug\Exceptions->errorHandler(2, 'Undefined variable $category', 'C:\\laragon\\www\\Lab3\\app\\Views\\inc\\content.php', 38)
 2 SYSTEMPATH\View\View.php(226): include('C:\\laragon\\www\\Lab3\\app\\Views\\inc\\content.php')
 3 SYSTEMPATH\View\View.php(229): CodeIgniter\View\View->CodeIgniter\View\{closure}()
 4 SYSTEMPATH\View\View.php(467): CodeIgniter\View\View->render('inc/content', null, true)
 5 APPPATH\Views\admindash.php(4): CodeIgniter\View\View->include('inc/content')
 6 SYSTEMPATH\View\View.php(226): include('C:\\laragon\\www\\Lab3\\app\\Views\\admindash.php')
 7 SYSTEMPATH\View\View.php(229): CodeIgniter\View\View->CodeIgniter\View\{closure}()
 8 SYSTEMPATH\Common.php(1188): CodeIgniter\View\View->render('admindash', [], true)
 9 APPPATH\Controllers\Home.php(9): view('admindash')
10 SYSTEMPATH\CodeIgniter.php(919): App\Controllers\Home->index()
11 SYSTEMPATH\CodeIgniter.php(494): CodeIgniter\CodeIgniter->runController(Object(App\Controllers\Home))
12 SYSTEMPATH\CodeIgniter.php(353): CodeIgniter\CodeIgniter->handleRequest(null, Object(Config\Cache), false)
13 FCPATH\index.php(79): CodeIgniter\CodeIgniter->run()
14 SYSTEMPATH\Commands\Server\rewrite.php(47): require_once('C:\\laragon\\www\\Lab3\\public\\index.php')
CRITICAL - 2023-09-30 13:06:12 --> Undefined variable $category
in APPPATH\Views\inc\content.php on line 38.
 1 APPPATH\Views\inc\content.php(38): CodeIgniter\Debug\Exceptions->errorHandler(2, 'Undefined variable $category', 'C:\\laragon\\www\\Lab3\\app\\Views\\inc\\content.php', 38)
 2 SYSTEMPATH\View\View.php(226): include('C:\\laragon\\www\\Lab3\\app\\Views\\inc\\content.php')
 3 SYSTEMPATH\View\View.php(229): CodeIgniter\View\View->CodeIgniter\View\{closure}()
 4 SYSTEMPATH\View\View.php(467): CodeIgniter\View\View->render('inc/content', null, true)
 5 APPPATH\Views\admindash.php(4): CodeIgniter\View\View->include('inc/content')
 6 SYSTEMPATH\View\View.php(226): include('C:\\laragon\\www\\Lab3\\app\\Views\\admindash.php')
 7 SYSTEMPATH\View\View.php(229): CodeIgniter\View\View->CodeIgniter\View\{closure}()
 8 SYSTEMPATH\Common.php(1188): CodeIgniter\View\View->render('admindash', [], true)
 9 APPPATH\Controllers\Home.php(9): view('admindash')
10 SYSTEMPATH\CodeIgniter.php(919): App\Controllers\Home->index()
11 SYSTEMPATH\CodeIgniter.php(494): CodeIgniter\CodeIgniter->runController(Object(App\Controllers\Home))
12 SYSTEMPATH\CodeIgniter.php(353): CodeIgniter\CodeIgniter->handleRequest(null, Object(Config\Cache), false)
13 FCPATH\index.php(79): CodeIgniter\CodeIgniter->run()
14 SYSTEMPATH\Commands\Server\rewrite.php(47): require_once('C:\\laragon\\www\\Lab3\\public\\index.php')
CRITICAL - 2023-09-30 13:06:13 --> Undefined variable $category
in APPPATH\Views\inc\content.php on line 38.
 1 APPPATH\Views\inc\content.php(38): CodeIgniter\Debug\Exceptions->errorHandler(2, 'Undefined variable $category', 'C:\\laragon\\www\\Lab3\\app\\Views\\inc\\content.php', 38)
 2 SYSTEMPATH\View\View.php(226): include('C:\\laragon\\www\\Lab3\\app\\Views\\inc\\content.php')
 3 SYSTEMPATH\View\View.php(229): CodeIgniter\View\View->CodeIgniter\View\{closure}()
 4 SYSTEMPATH\View\View.php(467): CodeIgniter\View\View->render('inc/content', null, true)
 5 APPPATH\Views\admindash.php(4): CodeIgniter\View\View->include('inc/content')
 6 SYSTEMPATH\View\View.php(226): include('C:\\laragon\\www\\Lab3\\app\\Views\\admindash.php')
 7 SYSTEMPATH\View\View.php(229): CodeIgniter\View\View->CodeIgniter\View\{closure}()
 8 SYSTEMPATH\Common.php(1188): CodeIgniter\View\View->render('admindash', [], true)
 9 APPPATH\Controllers\Home.php(9): view('admindash')
10 SYSTEMPATH\CodeIgniter.php(919): App\Controllers\Home->index()
11 SYSTEMPATH\CodeIgniter.php(494): CodeIgniter\CodeIgniter->runController(Object(App\Controllers\Home))
12 SYSTEMPATH\CodeIgniter.php(353): CodeIgniter\CodeIgniter->handleRequest(null, Object(Config\Cache), false)
13 FCPATH\index.php(79): CodeIgniter\CodeIgniter->run()
14 SYSTEMPATH\Commands\Server\rewrite.php(47): require_once('C:\\laragon\\www\\Lab3\\public\\index.php')
CRITICAL - 2023-09-30 13:11:21 --> Undefined variable $category
in APPPATH\Views\inc\content.php on line 38.
 1 APPPATH\Views\inc\content.php(38): CodeIgniter\Debug\Exceptions->errorHandler(2, 'Undefined variable $category', 'C:\\laragon\\www\\Lab3\\app\\Views\\inc\\content.php', 38)
 2 SYSTEMPATH\View\View.php(226): include('C:\\laragon\\www\\Lab3\\app\\Views\\inc\\content.php')
 3 SYSTEMPATH\View\View.php(229): CodeIgniter\View\View->CodeIgniter\View\{closure}()
 4 SYSTEMPATH\View\View.php(467): CodeIgniter\View\View->render('inc/content', null, true)
 5 APPPATH\Views\admindash.php(4): CodeIgniter\View\View->include('inc/content')
 6 SYSTEMPATH\View\View.php(226): include('C:\\laragon\\www\\Lab3\\app\\Views\\admindash.php')
 7 SYSTEMPATH\View\View.php(229): CodeIgniter\View\View->CodeIgniter\View\{closure}()
 8 SYSTEMPATH\Common.php(1188): CodeIgniter\View\View->render('admindash', [], true)
 9 APPPATH\Controllers\Home.php(9): view('admindash')
10 SYSTEMPATH\CodeIgniter.php(919): App\Controllers\Home->index()
11 SYSTEMPATH\CodeIgniter.php(494): CodeIgniter\CodeIgniter->runController(Object(App\Controllers\Home))
12 SYSTEMPATH\CodeIgniter.php(353): CodeIgniter\CodeIgniter->handleRequest(null, Object(Config\Cache), false)
13 FCPATH\index.php(79): CodeIgniter\CodeIgniter->run()
14 SYSTEMPATH\Commands\Server\rewrite.php(47): require_once('C:\\laragon\\www\\Lab3\\public\\index.php')
CRITICAL - 2023-09-30 13:13:40 --> Undefined variable $category
in APPPATH\Views\inc\content.php on line 38.
 1 APPPATH\Views\inc\content.php(38): CodeIgniter\Debug\Exceptions->errorHandler(2, 'Undefined variable $category', 'C:\\laragon\\www\\Lab3\\app\\Views\\inc\\content.php', 38)
 2 SYSTEMPATH\View\View.php(226): include('C:\\laragon\\www\\Lab3\\app\\Views\\inc\\content.php')
 3 SYSTEMPATH\View\View.php(229): CodeIgniter\View\View->CodeIgniter\View\{closure}()
 4 SYSTEMPATH\View\View.php(467): CodeIgniter\View\View->render('inc/content', null, true)
 5 APPPATH\Views\admindash.php(4): CodeIgniter\View\View->include('inc/content')
 6 SYSTEMPATH\View\View.php(226): include('C:\\laragon\\www\\Lab3\\app\\Views\\admindash.php')
 7 SYSTEMPATH\View\View.php(229): CodeIgniter\View\View->CodeIgniter\View\{closure}()
 8 SYSTEMPATH\Common.php(1188): CodeIgniter\View\View->render('admindash', [], true)
 9 APPPATH\Controllers\Home.php(9): view('admindash')
10 SYSTEMPATH\CodeIgniter.php(919): App\Controllers\Home->index()
11 SYSTEMPATH\CodeIgniter.php(494): CodeIgniter\CodeIgniter->runController(Object(App\Controllers\Home))
12 SYSTEMPATH\CodeIgniter.php(353): CodeIgniter\CodeIgniter->handleRequest(null, Object(Config\Cache), false)
13 FCPATH\index.php(79): CodeIgniter\CodeIgniter->run()
14 SYSTEMPATH\Commands\Server\rewrite.php(47): require_once('C:\\laragon\\www\\Lab3\\public\\index.php')
CRITICAL - 2023-09-30 13:14:23 --> Undefined variable $category
in APPPATH\Views\inc\content.php on line 38.
 1 APPPATH\Views\inc\content.php(38): CodeIgniter\Debug\Exceptions->errorHandler(2, 'Undefined variable $category', 'C:\\laragon\\www\\Lab3\\app\\Views\\inc\\content.php', 38)
 2 SYSTEMPATH\View\View.php(226): include('C:\\laragon\\www\\Lab3\\app\\Views\\inc\\content.php')
 3 SYSTEMPATH\View\View.php(229): CodeIgniter\View\View->CodeIgniter\View\{closure}()
 4 SYSTEMPATH\View\View.php(467): CodeIgniter\View\View->render('inc/content', null, true)
 5 APPPATH\Views\admindash.php(4): CodeIgniter\View\View->include('inc/content')
 6 SYSTEMPATH\View\View.php(226): include('C:\\laragon\\www\\Lab3\\app\\Views\\admindash.php')
 7 SYSTEMPATH\View\View.php(229): CodeIgniter\View\View->CodeIgniter\View\{closure}()
 8 SYSTEMPATH\Common.php(1188): CodeIgniter\View\View->render('admindash', [], true)
 9 APPPATH\Controllers\Home.php(9): view('admindash')
10 SYSTEMPATH\CodeIgniter.php(919): App\Controllers\Home->index()
11 SYSTEMPATH\CodeIgniter.php(494): CodeIgniter\CodeIgniter->runController(Object(App\Controllers\Home))
12 SYSTEMPATH\CodeIgniter.php(353): CodeIgniter\CodeIgniter->handleRequest(null, Object(Config\Cache), false)
13 FCPATH\index.php(79): CodeIgniter\CodeIgniter->run()
14 SYSTEMPATH\Commands\Server\rewrite.php(47): require_once('C:\\laragon\\www\\Lab3\\public\\index.php')
CRITICAL - 2023-09-30 13:14:42 --> Undefined variable $category
in APPPATH\Views\inc\content.php on line 38.
 1 APPPATH\Views\inc\content.php(38): CodeIgniter\Debug\Exceptions->errorHandler(2, 'Undefined variable $category', 'C:\\laragon\\www\\Lab3\\app\\Views\\inc\\content.php', 38)
 2 SYSTEMPATH\View\View.php(226): include('C:\\laragon\\www\\Lab3\\app\\Views\\inc\\content.php')
 3 SYSTEMPATH\View\View.php(229): CodeIgniter\View\View->CodeIgniter\View\{closure}()
 4 SYSTEMPATH\View\View.php(467): CodeIgniter\View\View->render('inc/content', null, true)
 5 APPPATH\Views\admindash.php(4): CodeIgniter\View\View->include('inc/content')
 6 SYSTEMPATH\View\View.php(226): include('C:\\laragon\\www\\Lab3\\app\\Views\\admindash.php')
 7 SYSTEMPATH\View\View.php(229): CodeIgniter\View\View->CodeIgniter\View\{closure}()
 8 SYSTEMPATH\Common.php(1188): CodeIgniter\View\View->render('admindash', [], true)
 9 APPPATH\Controllers\Home.php(9): view('admindash')
10 SYSTEMPATH\CodeIgniter.php(919): App\Controllers\Home->index()
11 SYSTEMPATH\CodeIgniter.php(494): CodeIgniter\CodeIgniter->runController(Object(App\Controllers\Home))
12 SYSTEMPATH\CodeIgniter.php(353): CodeIgniter\CodeIgniter->handleRequest(null, Object(Config\Cache), false)
13 FCPATH\index.php(79): CodeIgniter\CodeIgniter->run()
14 SYSTEMPATH\Commands\Server\rewrite.php(47): require_once('C:\\laragon\\www\\Lab3\\public\\index.php')
CRITICAL - 2023-09-30 13:14:43 --> Undefined variable $category
in APPPATH\Views\inc\content.php on line 38.
 1 APPPATH\Views\inc\content.php(38): CodeIgniter\Debug\Exceptions->errorHandler(2, 'Undefined variable $category', 'C:\\laragon\\www\\Lab3\\app\\Views\\inc\\content.php', 38)
 2 SYSTEMPATH\View\View.php(226): include('C:\\laragon\\www\\Lab3\\app\\Views\\inc\\content.php')
 3 SYSTEMPATH\View\View.php(229): CodeIgniter\View\View->CodeIgniter\View\{closure}()
 4 SYSTEMPATH\View\View.php(467): CodeIgniter\View\View->render('inc/content', null, true)
 5 APPPATH\Views\admindash.php(4): CodeIgniter\View\View->include('inc/content')
 6 SYSTEMPATH\View\View.php(226): include('C:\\laragon\\www\\Lab3\\app\\Views\\admindash.php')
 7 SYSTEMPATH\View\View.php(229): CodeIgniter\View\View->CodeIgniter\View\{closure}()
 8 SYSTEMPATH\Common.php(1188): CodeIgniter\View\View->render('admindash', [], true)
 9 APPPATH\Controllers\Home.php(9): view('admindash')
10 SYSTEMPATH\CodeIgniter.php(919): App\Controllers\Home->index()
11 SYSTEMPATH\CodeIgniter.php(494): CodeIgniter\CodeIgniter->runController(Object(App\Controllers\Home))
12 SYSTEMPATH\CodeIgniter.php(353): CodeIgniter\CodeIgniter->handleRequest(null, Object(Config\Cache), false)
13 FCPATH\index.php(79): CodeIgniter\CodeIgniter->run()
14 SYSTEMPATH\Commands\Server\rewrite.php(47): require_once('C:\\laragon\\www\\Lab3\\public\\index.php')
CRITICAL - 2023-09-30 13:14:59 --> Undefined variable $category
in APPPATH\Views\inc\content.php on line 38.
 1 APPPATH\Views\inc\content.php(38): CodeIgniter\Debug\Exceptions->errorHandler(2, 'Undefined variable $category', 'C:\\laragon\\www\\Lab3\\app\\Views\\inc\\content.php', 38)
 2 SYSTEMPATH\View\View.php(226): include('C:\\laragon\\www\\Lab3\\app\\Views\\inc\\content.php')
 3 SYSTEMPATH\View\View.php(229): CodeIgniter\View\View->CodeIgniter\View\{closure}()
 4 SYSTEMPATH\View\View.php(467): CodeIgniter\View\View->render('inc/content', null, true)
 5 APPPATH\Views\admindash.php(4): CodeIgniter\View\View->include('inc/content')
 6 SYSTEMPATH\View\View.php(226): include('C:\\laragon\\www\\Lab3\\app\\Views\\admindash.php')
 7 SYSTEMPATH\View\View.php(229): CodeIgniter\View\View->CodeIgniter\View\{closure}()
 8 SYSTEMPATH\Common.php(1188): CodeIgniter\View\View->render('admindash', [], true)
 9 APPPATH\Controllers\Home.php(9): view('admindash')
10 SYSTEMPATH\CodeIgniter.php(919): App\Controllers\Home->index()
11 SYSTEMPATH\CodeIgniter.php(494): CodeIgniter\CodeIgniter->runController(Object(App\Controllers\Home))
12 SYSTEMPATH\CodeIgniter.php(353): CodeIgniter\CodeIgniter->handleRequest(null, Object(Config\Cache), false)
13 FCPATH\index.php(79): CodeIgniter\CodeIgniter->run()
14 SYSTEMPATH\Commands\Server\rewrite.php(47): require_once('C:\\laragon\\www\\Lab3\\public\\index.php')
CRITICAL - 2023-09-30 13:14:59 --> Undefined variable $category
in APPPATH\Views\inc\content.php on line 38.
 1 APPPATH\Views\inc\content.php(38): CodeIgniter\Debug\Exceptions->errorHandler(2, 'Undefined variable $category', 'C:\\laragon\\www\\Lab3\\app\\Views\\inc\\content.php', 38)
 2 SYSTEMPATH\View\View.php(226): include('C:\\laragon\\www\\Lab3\\app\\Views\\inc\\content.php')
 3 SYSTEMPATH\View\View.php(229): CodeIgniter\View\View->CodeIgniter\View\{closure}()
 4 SYSTEMPATH\View\View.php(467): CodeIgniter\View\View->render('inc/content', null, true)
 5 APPPATH\Views\admindash.php(4): CodeIgniter\View\View->include('inc/content')
 6 SYSTEMPATH\View\View.php(226): include('C:\\laragon\\www\\Lab3\\app\\Views\\admindash.php')
 7 SYSTEMPATH\View\View.php(229): CodeIgniter\View\View->CodeIgniter\View\{closure}()
 8 SYSTEMPATH\Common.php(1188): CodeIgniter\View\View->render('admindash', [], true)
 9 APPPATH\Controllers\Home.php(9): view('admindash')
10 SYSTEMPATH\CodeIgniter.php(919): App\Controllers\Home->index()
11 SYSTEMPATH\CodeIgniter.php(494): CodeIgniter\CodeIgniter->runController(Object(App\Controllers\Home))
12 SYSTEMPATH\CodeIgniter.php(353): CodeIgniter\CodeIgniter->handleRequest(null, Object(Config\Cache), false)
13 FCPATH\index.php(79): CodeIgniter\CodeIgniter->run()
14 SYSTEMPATH\Commands\Server\rewrite.php(47): require_once('C:\\laragon\\www\\Lab3\\public\\index.php')
CRITICAL - 2023-09-30 13:15:00 --> Undefined variable $category
in APPPATH\Views\inc\content.php on line 38.
 1 APPPATH\Views\inc\content.php(38): CodeIgniter\Debug\Exceptions->errorHandler(2, 'Undefined variable $category', 'C:\\laragon\\www\\Lab3\\app\\Views\\inc\\content.php', 38)
 2 SYSTEMPATH\View\View.php(226): include('C:\\laragon\\www\\Lab3\\app\\Views\\inc\\content.php')
 3 SYSTEMPATH\View\View.php(229): CodeIgniter\View\View->CodeIgniter\View\{closure}()
 4 SYSTEMPATH\View\View.php(467): CodeIgniter\View\View->render('inc/content', null, true)
 5 APPPATH\Views\admindash.php(4): CodeIgniter\View\View->include('inc/content')
 6 SYSTEMPATH\View\View.php(226): include('C:\\laragon\\www\\Lab3\\app\\Views\\admindash.php')
 7 SYSTEMPATH\View\View.php(229): CodeIgniter\View\View->CodeIgniter\View\{closure}()
 8 SYSTEMPATH\Common.php(1188): CodeIgniter\View\View->render('admindash', [], true)
 9 APPPATH\Controllers\Home.php(9): view('admindash')
10 SYSTEMPATH\CodeIgniter.php(919): App\Controllers\Home->index()
11 SYSTEMPATH\CodeIgniter.php(494): CodeIgniter\CodeIgniter->runController(Object(App\Controllers\Home))
12 SYSTEMPATH\CodeIgniter.php(353): CodeIgniter\CodeIgniter->handleRequest(null, Object(Config\Cache), false)
13 FCPATH\index.php(79): CodeIgniter\CodeIgniter->run()
14 SYSTEMPATH\Commands\Server\rewrite.php(47): require_once('C:\\laragon\\www\\Lab3\\public\\index.php')
CRITICAL - 2023-09-30 13:15:00 --> Undefined variable $category
in APPPATH\Views\inc\content.php on line 38.
 1 APPPATH\Views\inc\content.php(38): CodeIgniter\Debug\Exceptions->errorHandler(2, 'Undefined variable $category', 'C:\\laragon\\www\\Lab3\\app\\Views\\inc\\content.php', 38)
 2 SYSTEMPATH\View\View.php(226): include('C:\\laragon\\www\\Lab3\\app\\Views\\inc\\content.php')
 3 SYSTEMPATH\View\View.php(229): CodeIgniter\View\View->CodeIgniter\View\{closure}()
 4 SYSTEMPATH\View\View.php(467): CodeIgniter\View\View->render('inc/content', null, true)
 5 APPPATH\Views\admindash.php(4): CodeIgniter\View\View->include('inc/content')
 6 SYSTEMPATH\View\View.php(226): include('C:\\laragon\\www\\Lab3\\app\\Views\\admindash.php')
 7 SYSTEMPATH\View\View.php(229): CodeIgniter\View\View->CodeIgniter\View\{closure}()
 8 SYSTEMPATH\Common.php(1188): CodeIgniter\View\View->render('admindash', [], true)
 9 APPPATH\Controllers\Home.php(9): view('admindash')
10 SYSTEMPATH\CodeIgniter.php(919): App\Controllers\Home->index()
11 SYSTEMPATH\CodeIgniter.php(494): CodeIgniter\CodeIgniter->runController(Object(App\Controllers\Home))
12 SYSTEMPATH\CodeIgniter.php(353): CodeIgniter\CodeIgniter->handleRequest(null, Object(Config\Cache), false)
13 FCPATH\index.php(79): CodeIgniter\CodeIgniter->run()
14 SYSTEMPATH\Commands\Server\rewrite.php(47): require_once('C:\\laragon\\www\\Lab3\\public\\index.php')
CRITICAL - 2023-09-30 13:15:00 --> Undefined variable $category
in APPPATH\Views\inc\content.php on line 38.
 1 APPPATH\Views\inc\content.php(38): CodeIgniter\Debug\Exceptions->errorHandler(2, 'Undefined variable $category', 'C:\\laragon\\www\\Lab3\\app\\Views\\inc\\content.php', 38)
 2 SYSTEMPATH\View\View.php(226): include('C:\\laragon\\www\\Lab3\\app\\Views\\inc\\content.php')
 3 SYSTEMPATH\View\View.php(229): CodeIgniter\View\View->CodeIgniter\View\{closure}()
 4 SYSTEMPATH\View\View.php(467): CodeIgniter\View\View->render('inc/content', null, true)
 5 APPPATH\Views\admindash.php(4): CodeIgniter\View\View->include('inc/content')
 6 SYSTEMPATH\View\View.php(226): include('C:\\laragon\\www\\Lab3\\app\\Views\\admindash.php')
 7 SYSTEMPATH\View\View.php(229): CodeIgniter\View\View->CodeIgniter\View\{closure}()
 8 SYSTEMPATH\Common.php(1188): CodeIgniter\View\View->render('admindash', [], true)
 9 APPPATH\Controllers\Home.php(9): view('admindash')
10 SYSTEMPATH\CodeIgniter.php(919): App\Controllers\Home->index()
11 SYSTEMPATH\CodeIgniter.php(494): CodeIgniter\CodeIgniter->runController(Object(App\Controllers\Home))
12 SYSTEMPATH\CodeIgniter.php(353): CodeIgniter\CodeIgniter->handleRequest(null, Object(Config\Cache), false)
13 FCPATH\index.php(79): CodeIgniter\CodeIgniter->run()
14 SYSTEMPATH\Commands\Server\rewrite.php(47): require_once('C:\\laragon\\www\\Lab3\\public\\index.php')
CRITICAL - 2023-09-30 13:15:00 --> Undefined variable $category
in APPPATH\Views\inc\content.php on line 38.
 1 APPPATH\Views\inc\content.php(38): CodeIgniter\Debug\Exceptions->errorHandler(2, 'Undefined variable $category', 'C:\\laragon\\www\\Lab3\\app\\Views\\inc\\content.php', 38)
 2 SYSTEMPATH\View\View.php(226): include('C:\\laragon\\www\\Lab3\\app\\Views\\inc\\content.php')
 3 SYSTEMPATH\View\View.php(229): CodeIgniter\View\View->CodeIgniter\View\{closure}()
 4 SYSTEMPATH\View\View.php(467): CodeIgniter\View\View->render('inc/content', null, true)
 5 APPPATH\Views\admindash.php(4): CodeIgniter\View\View->include('inc/content')
 6 SYSTEMPATH\View\View.php(226): include('C:\\laragon\\www\\Lab3\\app\\Views\\admindash.php')
 7 SYSTEMPATH\View\View.php(229): CodeIgniter\View\View->CodeIgniter\View\{closure}()
 8 SYSTEMPATH\Common.php(1188): CodeIgniter\View\View->render('admindash', [], true)
 9 APPPATH\Controllers\Home.php(9): view('admindash')
10 SYSTEMPATH\CodeIgniter.php(919): App\Controllers\Home->index()
11 SYSTEMPATH\CodeIgniter.php(494): CodeIgniter\CodeIgniter->runController(Object(App\Controllers\Home))
12 SYSTEMPATH\CodeIgniter.php(353): CodeIgniter\CodeIgniter->handleRequest(null, Object(Config\Cache), false)
13 FCPATH\index.php(79): CodeIgniter\CodeIgniter->run()
14 SYSTEMPATH\Commands\Server\rewrite.php(47): require_once('C:\\laragon\\www\\Lab3\\public\\index.php')
CRITICAL - 2023-09-30 13:15:01 --> Undefined variable $category
in APPPATH\Views\inc\content.php on line 38.
 1 APPPATH\Views\inc\content.php(38): CodeIgniter\Debug\Exceptions->errorHandler(2, 'Undefined variable $category', 'C:\\laragon\\www\\Lab3\\app\\Views\\inc\\content.php', 38)
 2 SYSTEMPATH\View\View.php(226): include('C:\\laragon\\www\\Lab3\\app\\Views\\inc\\content.php')
 3 SYSTEMPATH\View\View.php(229): CodeIgniter\View\View->CodeIgniter\View\{closure}()
 4 SYSTEMPATH\View\View.php(467): CodeIgniter\View\View->render('inc/content', null, true)
 5 APPPATH\Views\admindash.php(4): CodeIgniter\View\View->include('inc/content')
 6 SYSTEMPATH\View\View.php(226): include('C:\\laragon\\www\\Lab3\\app\\Views\\admindash.php')
 7 SYSTEMPATH\View\View.php(229): CodeIgniter\View\View->CodeIgniter\View\{closure}()
 8 SYSTEMPATH\Common.php(1188): CodeIgniter\View\View->render('admindash', [], true)
 9 APPPATH\Controllers\Home.php(9): view('admindash')
10 SYSTEMPATH\CodeIgniter.php(919): App\Controllers\Home->index()
11 SYSTEMPATH\CodeIgniter.php(494): CodeIgniter\CodeIgniter->runController(Object(App\Controllers\Home))
12 SYSTEMPATH\CodeIgniter.php(353): CodeIgniter\CodeIgniter->handleRequest(null, Object(Config\Cache), false)
13 FCPATH\index.php(79): CodeIgniter\CodeIgniter->run()
14 SYSTEMPATH\Commands\Server\rewrite.php(47): require_once('C:\\laragon\\www\\Lab3\\public\\index.php')
CRITICAL - 2023-09-30 13:15:01 --> Undefined variable $category
in APPPATH\Views\inc\content.php on line 38.
 1 APPPATH\Views\inc\content.php(38): CodeIgniter\Debug\Exceptions->errorHandler(2, 'Undefined variable $category', 'C:\\laragon\\www\\Lab3\\app\\Views\\inc\\content.php', 38)
 2 SYSTEMPATH\View\View.php(226): include('C:\\laragon\\www\\Lab3\\app\\Views\\inc\\content.php')
 3 SYSTEMPATH\View\View.php(229): CodeIgniter\View\View->CodeIgniter\View\{closure}()
 4 SYSTEMPATH\View\View.php(467): CodeIgniter\View\View->render('inc/content', null, true)
 5 APPPATH\Views\admindash.php(4): CodeIgniter\View\View->include('inc/content')
 6 SYSTEMPATH\View\View.php(226): include('C:\\laragon\\www\\Lab3\\app\\Views\\admindash.php')
 7 SYSTEMPATH\View\View.php(229): CodeIgniter\View\View->CodeIgniter\View\{closure}()
 8 SYSTEMPATH\Common.php(1188): CodeIgniter\View\View->render('admindash', [], true)
 9 APPPATH\Controllers\Home.php(9): view('admindash')
10 SYSTEMPATH\CodeIgniter.php(919): App\Controllers\Home->index()
11 SYSTEMPATH\CodeIgniter.php(494): CodeIgniter\CodeIgniter->runController(Object(App\Controllers\Home))
12 SYSTEMPATH\CodeIgniter.php(353): CodeIgniter\CodeIgniter->handleRequest(null, Object(Config\Cache), false)
13 FCPATH\index.php(79): CodeIgniter\CodeIgniter->run()
14 SYSTEMPATH\Commands\Server\rewrite.php(47): require_once('C:\\laragon\\www\\Lab3\\public\\index.php')
CRITICAL - 2023-09-30 13:15:01 --> Undefined variable $category
in APPPATH\Views\inc\content.php on line 38.
 1 APPPATH\Views\inc\content.php(38): CodeIgniter\Debug\Exceptions->errorHandler(2, 'Undefined variable $category', 'C:\\laragon\\www\\Lab3\\app\\Views\\inc\\content.php', 38)
 2 SYSTEMPATH\View\View.php(226): include('C:\\laragon\\www\\Lab3\\app\\Views\\inc\\content.php')
 3 SYSTEMPATH\View\View.php(229): CodeIgniter\View\View->CodeIgniter\View\{closure}()
 4 SYSTEMPATH\View\View.php(467): CodeIgniter\View\View->render('inc/content', null, true)
 5 APPPATH\Views\admindash.php(4): CodeIgniter\View\View->include('inc/content')
 6 SYSTEMPATH\View\View.php(226): include('C:\\laragon\\www\\Lab3\\app\\Views\\admindash.php')
 7 SYSTEMPATH\View\View.php(229): CodeIgniter\View\View->CodeIgniter\View\{closure}()
 8 SYSTEMPATH\Common.php(1188): CodeIgniter\View\View->render('admindash', [], true)
 9 APPPATH\Controllers\Home.php(9): view('admindash')
10 SYSTEMPATH\CodeIgniter.php(919): App\Controllers\Home->index()
11 SYSTEMPATH\CodeIgniter.php(494): CodeIgniter\CodeIgniter->runController(Object(App\Controllers\Home))
12 SYSTEMPATH\CodeIgniter.php(353): CodeIgniter\CodeIgniter->handleRequest(null, Object(Config\Cache), false)
13 FCPATH\index.php(79): CodeIgniter\CodeIgniter->run()
14 SYSTEMPATH\Commands\Server\rewrite.php(47): require_once('C:\\laragon\\www\\Lab3\\public\\index.php')
CRITICAL - 2023-09-30 13:15:02 --> Undefined variable $category
in APPPATH\Views\inc\content.php on line 38.
 1 APPPATH\Views\inc\content.php(38): CodeIgniter\Debug\Exceptions->errorHandler(2, 'Undefined variable $category', 'C:\\laragon\\www\\Lab3\\app\\Views\\inc\\content.php', 38)
 2 SYSTEMPATH\View\View.php(226): include('C:\\laragon\\www\\Lab3\\app\\Views\\inc\\content.php')
 3 SYSTEMPATH\View\View.php(229): CodeIgniter\View\View->CodeIgniter\View\{closure}()
 4 SYSTEMPATH\View\View.php(467): CodeIgniter\View\View->render('inc/content', null, true)
 5 APPPATH\Views\admindash.php(4): CodeIgniter\View\View->include('inc/content')
 6 SYSTEMPATH\View\View.php(226): include('C:\\laragon\\www\\Lab3\\app\\Views\\admindash.php')
 7 SYSTEMPATH\View\View.php(229): CodeIgniter\View\View->CodeIgniter\View\{closure}()
 8 SYSTEMPATH\Common.php(1188): CodeIgniter\View\View->render('admindash', [], true)
 9 APPPATH\Controllers\Home.php(9): view('admindash')
10 SYSTEMPATH\CodeIgniter.php(919): App\Controllers\Home->index()
11 SYSTEMPATH\CodeIgniter.php(494): CodeIgniter\CodeIgniter->runController(Object(App\Controllers\Home))
12 SYSTEMPATH\CodeIgniter.php(353): CodeIgniter\CodeIgniter->handleRequest(null, Object(Config\Cache), false)
13 FCPATH\index.php(79): CodeIgniter\CodeIgniter->run()
14 SYSTEMPATH\Commands\Server\rewrite.php(47): require_once('C:\\laragon\\www\\Lab3\\public\\index.php')
CRITICAL - 2023-09-30 13:37:12 --> Invalid file: "emart.php"
in SYSTEMPATH\Exceptions\FrameworkException.php on line 39.
 1 SYSTEMPATH\View\View.php(214): CodeIgniter\Exceptions\FrameworkException::forInvalidFile('emart.php')
 2 SYSTEMPATH\Common.php(1188): CodeIgniter\View\View->render('emart', [], true)
 3 APPPATH\Controllers\ProductController.php(19): view('emart', [...])
 4 SYSTEMPATH\CodeIgniter.php(919): App\Controllers\ProductController->index()
 5 SYSTEMPATH\CodeIgniter.php(494): CodeIgniter\CodeIgniter->runController(Object(App\Controllers\ProductController))
 6 SYSTEMPATH\CodeIgniter.php(353): CodeIgniter\CodeIgniter->handleRequest(null, Object(Config\Cache), false)
 7 FCPATH\index.php(79): CodeIgniter\CodeIgniter->run()
 8 SYSTEMPATH\Commands\Server\rewrite.php(47): require_once('C:\\laragon\\www\\Lab3\\public\\index.php')
CRITICAL - 2023-09-30 13:38:06 --> Invalid file: "emart.php"
in SYSTEMPATH\Exceptions\FrameworkException.php on line 39.
 1 SYSTEMPATH\View\View.php(214): CodeIgniter\Exceptions\FrameworkException::forInvalidFile('emart.php')
 2 SYSTEMPATH\Common.php(1188): CodeIgniter\View\View->render('emart', [], true)
 3 APPPATH\Controllers\ProductController.php(19): view('emart', [...])
 4 SYSTEMPATH\CodeIgniter.php(919): App\Controllers\ProductController->index()
 5 SYSTEMPATH\CodeIgniter.php(494): CodeIgniter\CodeIgniter->runController(Object(App\Controllers\ProductController))
 6 SYSTEMPATH\CodeIgniter.php(353): CodeIgniter\CodeIgniter->handleRequest(null, Object(Config\Cache), false)
 7 FCPATH\index.php(79): CodeIgniter\CodeIgniter->run()
 8 SYSTEMPATH\Commands\Server\rewrite.php(47): require_once('C:\\laragon\\www\\Lab3\\public\\index.php')
CRITICAL - 2023-09-30 13:38:56 --> Invalid file: "emart.php"
in SYSTEMPATH\Exceptions\FrameworkException.php on line 39.
 1 SYSTEMPATH\View\View.php(214): CodeIgniter\Exceptions\FrameworkException::forInvalidFile('emart.php')
 2 SYSTEMPATH\Common.php(1188): CodeIgniter\View\View->render('emart', [], true)
 3 APPPATH\Controllers\ProductController.php(19): view('emart', [...])
 4 SYSTEMPATH\CodeIgniter.php(919): App\Controllers\ProductController->emart()
 5 SYSTEMPATH\CodeIgniter.php(494): CodeIgniter\CodeIgniter->runController(Object(App\Controllers\ProductController))
 6 SYSTEMPATH\CodeIgniter.php(353): CodeIgniter\CodeIgniter->handleRequest(null, Object(Config\Cache), false)
 7 FCPATH\index.php(79): CodeIgniter\CodeIgniter->run()
 8 SYSTEMPATH\Commands\Server\rewrite.php(47): require_once('C:\\laragon\\www\\Lab3\\public\\index.php')
CRITICAL - 2023-09-30 13:38:57 --> Invalid file: "emart.php"
in SYSTEMPATH\Exceptions\FrameworkException.php on line 39.
 1 SYSTEMPATH\View\View.php(214): CodeIgniter\Exceptions\FrameworkException::forInvalidFile('emart.php')
 2 SYSTEMPATH\Common.php(1188): CodeIgniter\View\View->render('emart', [], true)
 3 APPPATH\Controllers\ProductController.php(19): view('emart', [...])
 4 SYSTEMPATH\CodeIgniter.php(919): App\Controllers\ProductController->emart()
 5 SYSTEMPATH\CodeIgniter.php(494): CodeIgniter\CodeIgniter->runController(Object(App\Controllers\ProductController))
 6 SYSTEMPATH\CodeIgniter.php(353): CodeIgniter\CodeIgniter->handleRequest(null, Object(Config\Cache), false)
 7 FCPATH\index.php(79): CodeIgniter\CodeIgniter->run()
 8 SYSTEMPATH\Commands\Server\rewrite.php(47): require_once('C:\\laragon\\www\\Lab3\\public\\index.php')
CRITICAL - 2023-09-30 13:38:57 --> Invalid file: "emart.php"
in SYSTEMPATH\Exceptions\FrameworkException.php on line 39.
 1 SYSTEMPATH\View\View.php(214): CodeIgniter\Exceptions\FrameworkException::forInvalidFile('emart.php')
 2 SYSTEMPATH\Common.php(1188): CodeIgniter\View\View->render('emart', [], true)
 3 APPPATH\Controllers\ProductController.php(19): view('emart', [...])
 4 SYSTEMPATH\CodeIgniter.php(919): App\Controllers\ProductController->emart()
 5 SYSTEMPATH\CodeIgniter.php(494): CodeIgniter\CodeIgniter->runController(Object(App\Controllers\ProductController))
 6 SYSTEMPATH\CodeIgniter.php(353): CodeIgniter\CodeIgniter->handleRequest(null, Object(Config\Cache), false)
 7 FCPATH\index.php(79): CodeIgniter\CodeIgniter->run()
 8 SYSTEMPATH\Commands\Server\rewrite.php(47): require_once('C:\\laragon\\www\\Lab3\\public\\index.php')
CRITICAL - 2023-09-30 13:38:57 --> Invalid file: "emart.php"
in SYSTEMPATH\Exceptions\FrameworkException.php on line 39.
 1 SYSTEMPATH\View\View.php(214): CodeIgniter\Exceptions\FrameworkException::forInvalidFile('emart.php')
 2 SYSTEMPATH\Common.php(1188): CodeIgniter\View\View->render('emart', [], true)
 3 APPPATH\Controllers\ProductController.php(19): view('emart', [...])
 4 SYSTEMPATH\CodeIgniter.php(919): App\Controllers\ProductController->emart()
 5 SYSTEMPATH\CodeIgniter.php(494): CodeIgniter\CodeIgniter->runController(Object(App\Controllers\ProductController))
 6 SYSTEMPATH\CodeIgniter.php(353): CodeIgniter\CodeIgniter->handleRequest(null, Object(Config\Cache), false)
 7 FCPATH\index.php(79): CodeIgniter\CodeIgniter->run()
 8 SYSTEMPATH\Commands\Server\rewrite.php(47): require_once('C:\\laragon\\www\\Lab3\\public\\index.php')
CRITICAL - 2023-09-30 13:38:57 --> Invalid file: "emart.php"
in SYSTEMPATH\Exceptions\FrameworkException.php on line 39.
 1 SYSTEMPATH\View\View.php(214): CodeIgniter\Exceptions\FrameworkException::forInvalidFile('emart.php')
 2 SYSTEMPATH\Common.php(1188): CodeIgniter\View\View->render('emart', [], true)
 3 APPPATH\Controllers\ProductController.php(19): view('emart', [...])
 4 SYSTEMPATH\CodeIgniter.php(919): App\Controllers\ProductController->emart()
 5 SYSTEMPATH\CodeIgniter.php(494): CodeIgniter\CodeIgniter->runController(Object(App\Controllers\ProductController))
 6 SYSTEMPATH\CodeIgniter.php(353): CodeIgniter\CodeIgniter->handleRequest(null, Object(Config\Cache), false)
 7 FCPATH\index.php(79): CodeIgniter\CodeIgniter->run()
 8 SYSTEMPATH\Commands\Server\rewrite.php(47): require_once('C:\\laragon\\www\\Lab3\\public\\index.php')
CRITICAL - 2023-09-30 13:38:58 --> Invalid file: "emart.php"
in SYSTEMPATH\Exceptions\FrameworkException.php on line 39.
 1 SYSTEMPATH\View\View.php(214): CodeIgniter\Exceptions\FrameworkException::forInvalidFile('emart.php')
 2 SYSTEMPATH\Common.php(1188): CodeIgniter\View\View->render('emart', [], true)
 3 APPPATH\Controllers\ProductController.php(19): view('emart', [...])
 4 SYSTEMPATH\CodeIgniter.php(919): App\Controllers\ProductController->emart()
 5 SYSTEMPATH\CodeIgniter.php(494): CodeIgniter\CodeIgniter->runController(Object(App\Controllers\ProductController))
 6 SYSTEMPATH\CodeIgniter.php(353): CodeIgniter\CodeIgniter->handleRequest(null, Object(Config\Cache), false)
 7 FCPATH\index.php(79): CodeIgniter\CodeIgniter->run()
 8 SYSTEMPATH\Commands\Server\rewrite.php(47): require_once('C:\\laragon\\www\\Lab3\\public\\index.php')
